<?xml version="1.0" encoding="UTF-8"?>
<!-- Generated by org.testng.reporters.JUnitXMLReporter -->
<testsuite ignored="1" hostname="LAPTOP-GJCB745R" failures="0" tests="6" name="Test" time="169.051" errors="0" timestamp="2022-07-06T12:32:00 IST">
  <testcase classname="test.ZerodhaLoginPageTest" name="@BeforeMethod openBrowser" time="122.61">
    <failure type="org.openqa.selenium.NoSuchWindowException" message="no such window: target window already closed
from unknown error: web view not found
  (Session info: chrome=103.0.5060.114)
Build info: version: &amp;apos;4.2.1&amp;apos;, revision: &amp;apos;ac4d0fdd4a&amp;apos;
System info: host: &amp;apos;LAPTOP-GJCB745R&amp;apos;, ip: &amp;apos;192.168.111.98&amp;apos;, os.name: &amp;apos;Windows 11&amp;apos;, os.arch: &amp;apos;amd64&amp;apos;, os.version: &amp;apos;10.0&amp;apos;, java.version: &amp;apos;17.0.2&amp;apos;
Driver info: org.openqa.selenium.chrome.ChromeDriver
Command: [e36d5e09819964596f192ae34e92b07f, maximizeCurrentWindow {}]
Capabilities {acceptInsecureCerts: false, browserName: chrome, browserVersion: 103.0.5060.114, chrome: {chromedriverVersion: 103.0.5060.53 (a1711811edd7..., userDataDir: C:\Users\ASUS\AppData\Local...}, goog:chromeOptions: {debuggerAddress: localhost:54399}, networkConnectionEnabled: false, pageLoadStrategy: normal, platformName: WINDOWS, proxy: Proxy(), se:cdp: ws://localhost:54399/devtoo..., se:cdpVersion: 103.0.5060.114, setWindowRect: true, strictFileInteractability: false, timeouts: {implicit: 0, pageLoad: 300000, script: 30000}, unhandledPromptBehavior: dismiss and notify, webauthn:extension:credBlob: true, webauthn:extension:largeBlob: true, webauthn:virtualAuthenticators: true}
Session ID: e36d5e09819964596f192ae34e92b07f">
      <![CDATA[org.openqa.selenium.NoSuchWindowException: no such window: target window already closed
from unknown error: web view not found
  (Session info: chrome=103.0.5060.114)
Build info: version: '4.2.1', revision: 'ac4d0fdd4a'
System info: host: 'LAPTOP-GJCB745R', ip: '192.168.111.98', os.name: 'Windows 11', os.arch: 'amd64', os.version: '10.0', java.version: '17.0.2'
Driver info: org.openqa.selenium.chrome.ChromeDriver
Command: [e36d5e09819964596f192ae34e92b07f, maximizeCurrentWindow {}]
Capabilities {acceptInsecureCerts: false, browserName: chrome, browserVersion: 103.0.5060.114, chrome: {chromedriverVersion: 103.0.5060.53 (a1711811edd7..., userDataDir: C:\Users\ASUS\AppData\Local...}, goog:chromeOptions: {debuggerAddress: localhost:54399}, networkConnectionEnabled: false, pageLoadStrategy: normal, platformName: WINDOWS, proxy: Proxy(), se:cdp: ws://localhost:54399/devtoo..., se:cdpVersion: 103.0.5060.114, setWindowRect: true, strictFileInteractability: false, timeouts: {implicit: 0, pageLoad: 300000, script: 30000}, unhandledPromptBehavior: dismiss and notify, webauthn:extension:credBlob: true, webauthn:extension:largeBlob: true, webauthn:virtualAuthenticators: true}
Session ID: e36d5e09819964596f192ae34e92b07f
at org.openqa.selenium.remote.codec.w3c.W3CHttpResponseCodec.createException(W3CHttpResponseCodec.java:200)
at org.openqa.selenium.remote.codec.w3c.W3CHttpResponseCodec.decode(W3CHttpResponseCodec.java:133)
at org.openqa.selenium.remote.codec.w3c.W3CHttpResponseCodec.decode(W3CHttpResponseCodec.java:53)
at org.openqa.selenium.remote.HttpCommandExecutor.execute(HttpCommandExecutor.java:184)
at org.openqa.selenium.remote.service.DriverCommandExecutor.invokeExecute(DriverCommandExecutor.java:167)
at org.openqa.selenium.remote.service.DriverCommandExecutor.execute(DriverCommandExecutor.java:142)
at org.openqa.selenium.remote.RemoteWebDriver.execute(RemoteWebDriver.java:551)
at org.openqa.selenium.remote.RemoteWebDriver.execute(RemoteWebDriver.java:606)
at org.openqa.selenium.remote.RemoteWebDriver.execute(RemoteWebDriver.java:610)
at org.openqa.selenium.remote.RemoteWebDriver$RemoteWebDriverOptions$RemoteWindow.maximize(RemoteWebDriver.java:980)
at pojo.Browser.openBrowser(Browser.java:25)
at test.ZerodhaLoginPageTest.openBrowser(ZerodhaLoginPageTest.java:26)
at java.base/java.util.ArrayList.forEach(ArrayList.java:1511)
... Removed 36 stack frames]]>
    </failure>
  </testcase> <!-- @BeforeMethod openBrowser -->
  <testcase classname="test.ZerodhaLoginPageTest" name="@BeforeMethod openBrowser" time="-1.657090920231E9">
    <skipped/>
  </testcase> <!-- @BeforeMethod openBrowser -->
  <testcase classname="test.ZerodhaSearchPageTest" name="zerodhaSearchPagetest" time="5.612"/>
  <testcase classname="test.ZerodhaSignupPageTest" name="signUpPageTest" time="6.299"/>
  <testcase classname="test.ZerodhaSearchTest" name="searchByDropdownList" time="6.514"/>
  <testcase classname="test.ZerodhaLoginPageTest" name="LoginPageTest1" time="1.32"/>
  <testcase classname="test.ZerodhaLoginPageTest" name="LoginPageTest_WithWrongId" time="0.0">
    <skipped/>
  </testcase> <!-- LoginPageTest_WithWrongId -->
  <testcase classname="test.ZerodhaLoginPageTest" name="LoginPageTest_WithWrongPassword" time="0.0">
    <skipped/>
  </testcase> <!-- LoginPageTest_WithWrongPassword -->
  <testcase classname="test.ZerodhaSearchTest" name="searchShareAndClickOnBuy" time="0.0">
    <ignored/>
  </testcase> <!-- searchShareAndClickOnBuy -->
</testsuite> <!-- Test -->
